<?xml version="1.0" encoding="UTF-8"?>
<testsuites>
  <testsuite name="Test_Contact_Us_form_WebdriverUni" timestamp="2020-08-11T17:03:37" time="13.482" tests="4" failures="0" errors="0" skipped="0">
    <properties>
      <property name="specId" value="0"/>
      <property name="suiteName" value="Test Contact Us form WebdriverUni"/>
      <property name="capabilities" value="chrome.84_0_4147_105.windows"/>
      <property name="file" value=".\test\specs\contactUsPageTest.js"/>
    </properties>
    <testcase classname="chrome.84_0_4147_105.windows.Test_Contact_Us_form_WebdriverUni" name="Should_be_able_to_submit_a_successful_submission_via_contact_us_form" time="7.354">
      <system-out>
        <![CDATA[
COMMAND: POST /session/e6cc86317fbadf176c458993a10ce883/url - {"url":"http://www.webdriveruniversity.com/Contact-Us/contactus.html"}
RESULT: {"url":"http://www.webdriveruniversity.com/Contact-Us/contactus.html"}
COMMAND: POST /session/e6cc86317fbadf176c458993a10ce883/element - {"using":"css selector","value":"[name='first_name']"}
RESULT: {"using":"css selector","value":"[name='first_name']"}
COMMAND: POST /session/e6cc86317fbadf176c458993a10ce883/element/c72ed1bb-d762-4243-a2fa-d49f74a69dd2/clear - {}
RESULT: {}
COMMAND: POST /session/e6cc86317fbadf176c458993a10ce883/element/c72ed1bb-d762-4243-a2fa-d49f74a69dd2/value - {"text":"joe"}
RESULT: {"text":"joe"}
COMMAND: POST /session/e6cc86317fbadf176c458993a10ce883/element - {"using":"css selector","value":"[name='last_name']"}
RESULT: {"using":"css selector","value":"[name='last_name']"}
COMMAND: POST /session/e6cc86317fbadf176c458993a10ce883/element/7f75b467-58aa-43b9-b9ac-5e13675d3583/clear - {}
RESULT: {}
COMMAND: POST /session/e6cc86317fbadf176c458993a10ce883/element/7f75b467-58aa-43b9-b9ac-5e13675d3583/value - {"text":"Blogs"}
RESULT: {"text":"Blogs"}
COMMAND: POST /session/e6cc86317fbadf176c458993a10ce883/element - {"using":"css selector","value":"[name='email']"}
RESULT: {"using":"css selector","value":"[name='email']"}
COMMAND: POST /session/e6cc86317fbadf176c458993a10ce883/element/c323a130-d369-4245-92f2-4738269868d0/clear - {}
RESULT: {}
COMMAND: POST /session/e6cc86317fbadf176c458993a10ce883/element/c323a130-d369-4245-92f2-4738269868d0/value - {"text":"joe_blogs123@outlook.com"}
RESULT: {"text":"joe_blogs123@outlook.com"}
COMMAND: POST /session/e6cc86317fbadf176c458993a10ce883/element - {"using":"css selector","value":"textarea"}
RESULT: {"using":"css selector","value":"textarea"}
COMMAND: POST /session/e6cc86317fbadf176c458993a10ce883/element/3badd506-6666-485e-b00a-2a8d17e1d15b/clear - {}
RESULT: {}
COMMAND: POST /session/e6cc86317fbadf176c458993a10ce883/element/3badd506-6666-485e-b00a-2a8d17e1d15b/value - {"text":"How are you?"}
RESULT: {"text":"How are you?"}
COMMAND: POST /session/e6cc86317fbadf176c458993a10ce883/element - {"using":"css selector","value":"[type='submit']"}
RESULT: {"using":"css selector","value":"[type='submit']"}
COMMAND: POST /session/e6cc86317fbadf176c458993a10ce883/element/726d3554-1c3b-49c2-a736-32390ad26dbe/click - {}
RESULT: {}
COMMAND: POST /session/e6cc86317fbadf176c458993a10ce883/element - {"using":"css selector","value":"#contact_reply h1"}
RESULT: {"using":"css selector","value":"#contact_reply h1"}
COMMAND: GET /session/e6cc86317fbadf176c458993a10ce883/element/28a9c9df-4e14-4dc5-bc6c-1f1fcd4066c4/text - {}
RESULT: {}
]]>
      </system-out>
    </testcase>
    <testcase classname="chrome.84_0_4147_105.windows.Test_Contact_Us_form_WebdriverUni" name="Should_not_be_able_to_submit_a_successful_submission_via_contact_us_form_as_all_fields_are_required" time="2.504">
      <system-out>
        <![CDATA[
COMMAND: POST /session/e6cc86317fbadf176c458993a10ce883/url - {"url":"http://www.webdriveruniversity.com/Contact-Us/contactus.html"}
RESULT: {"url":"http://www.webdriveruniversity.com/Contact-Us/contactus.html"}
COMMAND: POST /session/e6cc86317fbadf176c458993a10ce883/element - {"using":"css selector","value":"[name='first_name']"}
RESULT: {"using":"css selector","value":"[name='first_name']"}
COMMAND: POST /session/e6cc86317fbadf176c458993a10ce883/element/467cd424-d6e5-4112-a79a-1873d93a5208/clear - {}
RESULT: {}
COMMAND: POST /session/e6cc86317fbadf176c458993a10ce883/element/467cd424-d6e5-4112-a79a-1873d93a5208/value - {"text":"Mike"}
RESULT: {"text":"Mike"}
COMMAND: POST /session/e6cc86317fbadf176c458993a10ce883/element - {"using":"css selector","value":"[name='last_name']"}
RESULT: {"using":"css selector","value":"[name='last_name']"}
COMMAND: POST /session/e6cc86317fbadf176c458993a10ce883/element/df7a4e24-dc29-49c5-8c7e-ddec499e7603/clear - {}
RESULT: {}
COMMAND: POST /session/e6cc86317fbadf176c458993a10ce883/element/df7a4e24-dc29-49c5-8c7e-ddec499e7603/value - {"text":"Woods"}
RESULT: {"text":"Woods"}
COMMAND: POST /session/e6cc86317fbadf176c458993a10ce883/element - {"using":"css selector","value":"[name='email']"}
RESULT: {"using":"css selector","value":"[name='email']"}
COMMAND: POST /session/e6cc86317fbadf176c458993a10ce883/element/1d3ca5d9-dfe9-4dfa-8fac-bc1ece135205/clear - {}
RESULT: {}
COMMAND: POST /session/e6cc86317fbadf176c458993a10ce883/element/1d3ca5d9-dfe9-4dfa-8fac-bc1ece135205/value - {"text":"mike_woods@mail.com"}
RESULT: {"text":"mike_woods@mail.com"}
COMMAND: POST /session/e6cc86317fbadf176c458993a10ce883/element - {"using":"css selector","value":"[type='submit']"}
RESULT: {"using":"css selector","value":"[type='submit']"}
COMMAND: POST /session/e6cc86317fbadf176c458993a10ce883/element/b4e6be56-005b-4cd0-963e-0f626e964bba/click - {}
RESULT: {}
COMMAND: POST /session/e6cc86317fbadf176c458993a10ce883/element - {"using":"css selector","value":"body"}
RESULT: {"using":"css selector","value":"body"}
COMMAND: GET /session/e6cc86317fbadf176c458993a10ce883/element/bd4416e3-1306-441e-ba48-1df8608c1be8/text - {}
RESULT: {}
]]>
      </system-out>
    </testcase>
    <testcase classname="chrome.84_0_4147_105.windows.Test_Contact_Us_form_WebdriverUni" name="Should_not_be_able_to_submit_a_successful_submission_via_contact_us_form_as_all_fields_are_required" time="1.876">
      <system-out>
        <![CDATA[
COMMAND: POST /session/e6cc86317fbadf176c458993a10ce883/url - {"url":"http://www.webdriveruniversity.com/Contact-Us/contactus.html"}
RESULT: {"url":"http://www.webdriveruniversity.com/Contact-Us/contactus.html"}
COMMAND: POST /session/e6cc86317fbadf176c458993a10ce883/element - {"using":"css selector","value":"[name='first_name']"}
RESULT: {"using":"css selector","value":"[name='first_name']"}
COMMAND: POST /session/e6cc86317fbadf176c458993a10ce883/element/0882fb73-3c4d-4340-a358-2a0b99bec82b/clear - {}
RESULT: {}
COMMAND: POST /session/e6cc86317fbadf176c458993a10ce883/element/0882fb73-3c4d-4340-a358-2a0b99bec82b/value - {"text":"Sarah"}
RESULT: {"text":"Sarah"}
COMMAND: POST /session/e6cc86317fbadf176c458993a10ce883/element - {"using":"css selector","value":"[name='email']"}
RESULT: {"using":"css selector","value":"[name='email']"}
COMMAND: POST /session/e6cc86317fbadf176c458993a10ce883/element/919c160d-b024-4141-85b0-278e323f5953/clear - {}
RESULT: {}
COMMAND: POST /session/e6cc86317fbadf176c458993a10ce883/element/919c160d-b024-4141-85b0-278e323f5953/value - {"text":"sarah_woods@mail.com"}
RESULT: {"text":"sarah_woods@mail.com"}
COMMAND: POST /session/e6cc86317fbadf176c458993a10ce883/element - {"using":"css selector","value":"[type='submit']"}
RESULT: {"using":"css selector","value":"[type='submit']"}
COMMAND: POST /session/e6cc86317fbadf176c458993a10ce883/element/258c7cb3-9d22-4650-a5cc-01691a6d777d/click - {}
RESULT: {}
COMMAND: POST /session/e6cc86317fbadf176c458993a10ce883/element - {"using":"css selector","value":"body"}
RESULT: {"using":"css selector","value":"body"}
COMMAND: GET /session/e6cc86317fbadf176c458993a10ce883/element/7e1b7f5d-2b29-4659-bee7-3bed5af400b2/text - {}
RESULT: {}
]]>
      </system-out>
    </testcase>
    <testcase classname="chrome.84_0_4147_105.windows.Test_Contact_Us_form_WebdriverUni" name="Should_not_be_able_to_submit_a_successful_submission_via_contact_us_form_as_all_fields_are_required" time="1.703">
      <system-out>
        <![CDATA[
COMMAND: POST /session/e6cc86317fbadf176c458993a10ce883/url - {"url":"http://www.webdriveruniversity.com/Contact-Us/contactus.html"}
RESULT: {"url":"http://www.webdriveruniversity.com/Contact-Us/contactus.html"}
COMMAND: POST /session/e6cc86317fbadf176c458993a10ce883/element - {"using":"css selector","value":"[name='last_name']"}
RESULT: {"using":"css selector","value":"[name='last_name']"}
COMMAND: POST /session/e6cc86317fbadf176c458993a10ce883/element/94180510-3c25-4045-ba99-2d50110a6291/clear - {}
RESULT: {}
COMMAND: POST /session/e6cc86317fbadf176c458993a10ce883/element/94180510-3c25-4045-ba99-2d50110a6291/value - {"text":"Jomes"}
RESULT: {"text":"Jomes"}
COMMAND: POST /session/e6cc86317fbadf176c458993a10ce883/element - {"using":"css selector","value":"[name='email']"}
RESULT: {"using":"css selector","value":"[name='email']"}
COMMAND: POST /session/e6cc86317fbadf176c458993a10ce883/element/a55458a3-3043-4a38-8814-276e491de854/clear - {}
RESULT: {}
COMMAND: POST /session/e6cc86317fbadf176c458993a10ce883/element/a55458a3-3043-4a38-8814-276e491de854/value - {"text":"sarah_Jomes@mail.com"}
RESULT: {"text":"sarah_Jomes@mail.com"}
COMMAND: POST /session/e6cc86317fbadf176c458993a10ce883/element - {"using":"css selector","value":"[type='submit']"}
RESULT: {"using":"css selector","value":"[type='submit']"}
COMMAND: POST /session/e6cc86317fbadf176c458993a10ce883/element/282a0d75-0dab-4304-b811-d571f3142b2d/click - {}
RESULT: {}
COMMAND: POST /session/e6cc86317fbadf176c458993a10ce883/element - {"using":"css selector","value":"body"}
RESULT: {"using":"css selector","value":"body"}
COMMAND: GET /session/e6cc86317fbadf176c458993a10ce883/element/dae559b5-b5c6-45eb-99f6-3079543e95fa/text - {}
RESULT: {}
COMMAND: DELETE /session/e6cc86317fbadf176c458993a10ce883 - {}
RESULT: {}
]]>
      </system-out>
    </testcase>
  </testsuite>
</testsuites>